#
# There is insufficient memory for the Java Runtime Environment to continue.
# Native memory allocation (malloc) failed to allocate 1048576 bytes. Error detail: AllocateHeap
# Possible reasons:
#   The system is out of physical RAM or swap space
#   This process is running with CompressedOops enabled, and the Java Heap may be blocking the growth of the native heap
# Possible solutions:
#   Reduce memory load on the system
#   Increase physical memory or swap space
#   Check if swap backing store is full
#   Decrease Java heap size (-Xmx/-Xms)
#   Decrease number of Java threads
#   Decrease Java thread stack sizes (-Xss)
#   Set larger code cache with -XX:ReservedCodeCacheSize=
#   JVM is running with Unscaled Compressed Oops mode in which the Java heap is
#     placed in the first 4GB address space. The Java Heap base address is the
#     maximum limit for the native heap growth. Please use -XX:HeapBaseMinAddress
#     to set the Java Heap base and to place the Java Heap above 4GB virtual address.
# This output file may be truncated or incomplete.
#
#  Out of Memory Error (allocation.cpp:44), pid=12256, tid=36860
#
# JRE version: OpenJDK Runtime Environment Temurin-21.0.8+9 (21.0.8+9) (build 21.0.8+9-LTS)
# Java VM: OpenJDK 64-Bit Server VM Temurin-21.0.8+9 (21.0.8+9-LTS, mixed mode, sharing, tiered, compressed oops, compressed class ptrs, parallel gc, windows-amd64)
# No core dump will be written. Minidumps are not enabled by default on client versions of Windows
#

---------------  S U M M A R Y ------------

Command Line: --add-modules=ALL-SYSTEM --add-opens=java.base/java.util=ALL-UNNAMED --add-opens=java.base/java.lang=ALL-UNNAMED --add-opens=java.base/sun.nio.fs=ALL-UNNAMED -Declipse.application=org.eclipse.jdt.ls.core.id1 -Dosgi.bundles.defaultStartLevel=4 -Declipse.product=org.eclipse.jdt.ls.core.product -Djava.import.generatesMetadataFilesAtProjectRoot=false -DDetectVMInstallationsJob.disabled=true -Dfile.encoding=utf8 -XX:+UseParallelGC -XX:GCTimeRatio=4 -XX:AdaptiveSizePolicyWeight=90 -Dsun.zip.disableMemoryMapping=true -Xmx2G -Xms100m -Xlog:disable -javaagent:c:\Users\PC\.cursor\extensions\redhat.java-1.47.0-win32-x64\lombok\lombok-1.18.39-4050.jar -XX:+HeapDumpOnOutOfMemoryError -XX:HeapDumpPath=c:\Users\PC\AppData\Roaming\Cursor\User\workspaceStorage\307b0579e4dc1b7b1261995025256fbf\redhat.java -Daether.dependencyCollector.impl=bf c:\Users\PC\.cursor\extensions\redhat.java-1.47.0-win32-x64\server\plugins\org.eclipse.equinox.launcher_1.7.100.v20251014-1222.jar -configuration c:\Users\PC\AppData\Roaming\Cursor\User\globalStorage\redhat.java\1.47.0\config_win -data c:\Users\PC\AppData\Roaming\Cursor\User\workspaceStorage\307b0579e4dc1b7b1261995025256fbf\redhat.java\jdt_ws --pipe=\\.\pipe\lsp-d7180ab9aab339e4ff945ff3196189bc-sock

Host: AMD Ryzen 5 6600HS Creator Edition             , 12 cores, 13G,  Windows 11 , 64 bit Build 26100 (10.0.26100.7019)
Time: Wed Nov 19 02:53:33 2025 SE Asia Standard Time elapsed time: 5253.894178 seconds (0d 1h 27m 33s)

---------------  T H R E A D  ---------------

Current thread (0x0000028830b5b290):  JavaThread "Attach Listener" daemon [_thread_in_vm, id=36860, stack(0x000000a448d00000,0x000000a448e00000) (1024K)]

Stack: [0x000000a448d00000,0x000000a448e00000]
Native frames: (J=compiled Java code, j=interpreted, Vv=VM code, C=native code)
V  [jvm.dll+0x6d2449]
V  [jvm.dll+0x8ae341]
V  [jvm.dll+0x8b08be]
V  [jvm.dll+0x8b0fa3]
V  [jvm.dll+0x280c96]
V  [jvm.dll+0xc0347]
V  [jvm.dll+0x6d2cf9]
V  [jvm.dll+0x131116]
V  [jvm.dll+0x3f2d16]
V  [jvm.dll+0x857e6b]
V  [jvm.dll+0x6d0b0d]
C  [ucrtbase.dll+0x37b0]
C  [KERNEL32.DLL+0x2e8d7]
C  [ntdll.dll+0x8c53c]


---------------  P R O C E S S  ---------------

Threads class SMR info:
_java_thread_list=0x000002888f9bd170, length=38, elements={
0x0000028830aae9d0, 0x0000028830b54390, 0x0000028830a5cd40, 0x0000028830b56990,
0x0000028830b5b290, 0x0000028830b5cdb0, 0x0000028830b62ac0, 0x0000028830b63500,
0x00000288898aa020, 0x0000028830b1cc80, 0x0000028889bfa6c0, 0x000002888f8b0350,
0x000002888f5a3bd0, 0x000002888f354c00, 0x000002888f35eda0, 0x0000028889bafde0,
0x000002888f740b20, 0x000002888f2360c0, 0x00000288899a1500, 0x000002889012f870,
0x00000288901312b0, 0x000002889012ff00, 0x0000028890130c20, 0x0000028890131940,
0x0000028890131fd0, 0x0000028890132660, 0x000002889146c200, 0x000002889146cf20,
0x000002889146e2d0, 0x000002889146b4e0, 0x000002889146d5b0, 0x000002889146eff0,
0x000002889146e960, 0x000002889146dc40, 0x000002889146bb70, 0x000002889146f680,
0x000002889146fd10, 0x000002889146c890
}

Java Threads: ( => current thread )
  0x0000028830aae9d0 JavaThread "main"                              [_thread_blocked, id=28156, stack(0x000000a448600000,0x000000a448700000) (1024K)]
  0x0000028830b54390 JavaThread "Reference Handler"          daemon [_thread_blocked, id=19568, stack(0x000000a448a00000,0x000000a448b00000) (1024K)]
  0x0000028830a5cd40 JavaThread "Finalizer"                  daemon [_thread_blocked, id=27836, stack(0x000000a448b00000,0x000000a448c00000) (1024K)]
  0x0000028830b56990 JavaThread "Signal Dispatcher"          daemon [_thread_blocked, id=37136, stack(0x000000a448c00000,0x000000a448d00000) (1024K)]
=>0x0000028830b5b290 JavaThread "Attach Listener"            daemon [_thread_in_vm, id=36860, stack(0x000000a448d00000,0x000000a448e00000) (1024K)]
  0x0000028830b5cdb0 JavaThread "Service Thread"             daemon [_thread_blocked, id=13636, stack(0x000000a448e00000,0x000000a448f00000) (1024K)]
  0x0000028830b62ac0 JavaThread "Monitor Deflation Thread"   daemon [_thread_blocked, id=19112, stack(0x000000a448f00000,0x000000a449000000) (1024K)]
  0x0000028830b63500 JavaThread "C2 CompilerThread0"         daemon [_thread_blocked, id=33068, stack(0x000000a449000000,0x000000a449100000) (1024K)]
  0x00000288898aa020 JavaThread "C1 CompilerThread0"         daemon [_thread_blocked, id=35132, stack(0x000000a449100000,0x000000a449200000) (1024K)]
  0x0000028830b1cc80 JavaThread "Common-Cleaner"             daemon [_thread_blocked, id=9740, stack(0x000000a449200000,0x000000a449300000) (1024K)]
  0x0000028889bfa6c0 JavaThread "Notification Thread"        daemon [_thread_blocked, id=11940, stack(0x000000a449400000,0x000000a449500000) (1024K)]
  0x000002888f8b0350 JavaThread "Active Thread: Equinox Container: 9ddcdade-70e7-4f3e-8a2c-b9ac3308f360"        [_thread_blocked, id=15556, stack(0x000000a449c00000,0x000000a449d00000) (1024K)]
  0x000002888f5a3bd0 JavaThread "Refresh Thread: Equinox Container: 9ddcdade-70e7-4f3e-8a2c-b9ac3308f360" daemon [_thread_blocked, id=13456, stack(0x000000a449300000,0x000000a449400000) (1024K)]
  0x000002888f354c00 JavaThread "Framework Event Dispatcher: Equinox Container: 9ddcdade-70e7-4f3e-8a2c-b9ac3308f360" daemon [_thread_blocked, id=21952, stack(0x000000a449d00000,0x000000a449e00000) (1024K)]
  0x000002888f35eda0 JavaThread "Start Level: Equinox Container: 9ddcdade-70e7-4f3e-8a2c-b9ac3308f360" daemon [_thread_blocked, id=14624, stack(0x000000a449e00000,0x000000a449f00000) (1024K)]
  0x0000028889bafde0 JavaThread "Bundle File Closer"         daemon [_thread_blocked, id=31588, stack(0x000000a44a200000,0x000000a44a300000) (1024K)]
  0x000002888f740b20 JavaThread "SCR Component Actor"        daemon [_thread_blocked, id=37480, stack(0x000000a449f00000,0x000000a44a000000) (1024K)]
  0x000002888f2360c0 JavaThread "Worker-JM"                         [_thread_blocked, id=22224, stack(0x000000a44a500000,0x000000a44a600000) (1024K)]
  0x00000288899a1500 JavaThread "JNA Cleaner"                daemon [_thread_blocked, id=29784, stack(0x000000a44a400000,0x000000a44a500000) (1024K)]
  0x000002889012f870 JavaThread "Worker-2"                          [_thread_blocked, id=35128, stack(0x000000a44a800000,0x000000a44a900000) (1024K)]
  0x00000288901312b0 JavaThread "Java indexing"              daemon [_thread_blocked, id=23416, stack(0x000000a44aa00000,0x000000a44ab00000) (1024K)]
  0x000002889012ff00 JavaThread "Worker-3"                          [_thread_blocked, id=14852, stack(0x000000a44ab00000,0x000000a44ac00000) (1024K)]
  0x0000028890130c20 JavaThread "Thread-1"                   daemon [_thread_in_native, id=35880, stack(0x000000a44ae00000,0x000000a44af00000) (1024K)]
  0x0000028890131940 JavaThread "Thread-2"                   daemon [_thread_in_native, id=8168, stack(0x000000a44af00000,0x000000a44b000000) (1024K)]
  0x0000028890131fd0 JavaThread "Thread-3"                   daemon [_thread_in_native, id=28776, stack(0x000000a44b000000,0x000000a44b100000) (1024K)]
  0x0000028890132660 JavaThread "Thread-4"                   daemon [_thread_in_native, id=7516, stack(0x000000a44b100000,0x000000a44b200000) (1024K)]
  0x000002889146c200 JavaThread "Thread-5"                   daemon [_thread_in_native, id=18452, stack(0x000000a44b200000,0x000000a44b300000) (1024K)]
  0x000002889146cf20 JavaThread "Thread-6"                   daemon [_thread_in_native, id=20660, stack(0x000000a44b300000,0x000000a44b400000) (1024K)]
  0x000002889146e2d0 JavaThread "Thread-7"                   daemon [_thread_in_native, id=35756, stack(0x000000a44b400000,0x000000a44b500000) (1024K)]
  0x000002889146b4e0 JavaThread "Thread-8"                   daemon [_thread_in_native, id=26408, stack(0x000000a44b500000,0x000000a44b600000) (1024K)]
  0x000002889146d5b0 JavaThread "Thread-9"                   daemon [_thread_in_native, id=14208, stack(0x000000a44b600000,0x000000a44b700000) (1024K)]
  0x000002889146eff0 JavaThread "Thread-10"                  daemon [_thread_in_native, id=19620, stack(0x000000a44b700000,0x000000a44b800000) (1024K)]
  0x000002889146e960 JavaThread "Thread-11"                  daemon [_thread_in_native, id=35372, stack(0x000000a44b800000,0x000000a44b900000) (1024K)]
  0x000002889146dc40 JavaThread "Thread-12"                  daemon [_thread_in_native, id=14560, stack(0x000000a44b900000,0x000000a44ba00000) (1024K)]
  0x000002889146bb70 JavaThread "Thread-13"                  daemon [_thread_in_native, id=12004, stack(0x000000a44ba00000,0x000000a44bb00000) (1024K)]
  0x000002889146f680 JavaThread "pool-2-thread-1"                   [_thread_blocked, id=24724, stack(0x000000a44bb00000,0x000000a44bc00000) (1024K)]
  0x000002889146fd10 JavaThread "WorkspaceEventsHandler"            [_thread_blocked, id=1848, stack(0x000000a44bc00000,0x000000a44bd00000) (1024K)]
  0x000002889146c890 JavaThread "pool-1-thread-1"                   [_thread_blocked, id=1840, stack(0x000000a44bd00000,0x000000a44be00000) (1024K)]
Total: 38

Other Threads:
  0x0000028830a44a40 VMThread "VM Thread"                           [id=37584, stack(0x000000a448900000,0x000000a448a00000) (1024K)]
  0x000002883093ca00 WatcherThread "VM Periodic Task Thread"        [id=19988, stack(0x000000a448800000,0x000000a448900000) (1024K)]
  0x0000028830acca70 WorkerThread "GC Thread#0"                     [id=7756, stack(0x000000a448700000,0x000000a448800000) (1024K)]
  0x000002888f664250 WorkerThread "GC Thread#1"                     [id=22912, stack(0x000000a449600000,0x000000a449700000) (1024K)]
  0x000002888fb0f5b0 WorkerThread "GC Thread#2"                     [id=24748, stack(0x000000a449700000,0x000000a449800000) (1024K)]
  0x000002888fb0f950 WorkerThread "GC Thread#3"                     [id=20240, stack(0x000000a449800000,0x000000a449900000) (1024K)]
  0x000002888f794260 WorkerThread "GC Thread#4"                     [id=35980, stack(0x000000a449900000,0x000000a449a00000) (1024K)]
  0x000002888f794600 WorkerThread "GC Thread#5"                     [id=34500, stack(0x000000a449a00000,0x000000a449b00000) (1024K)]
  0x000002888f7949a0 WorkerThread "GC Thread#6"                     [id=28812, stack(0x000000a449b00000,0x000000a449c00000) (1024K)]
  0x0000028889a10780 WorkerThread "GC Thread#7"                     [id=35984, stack(0x000000a449500000,0x000000a449600000) (1024K)]
  0x000002888faed8c0 WorkerThread "GC Thread#8"                     [id=20948, stack(0x000000a44a000000,0x000000a44a100000) (1024K)]
  0x0000028889a8ca60 WorkerThread "GC Thread#9"                     [id=2968, stack(0x000000a44a100000,0x000000a44a200000) (1024K)]
Total: 12

Threads with active compile tasks:
Total: 0

VM state: not at safepoint (normal execution)

VM Mutex/Monitor currently owned by a thread: None

Heap address: 0x0000000080000000, size: 2048 MB, Compressed Oops mode: 32-bit

CDS archive(s) mapped at: [0x0000028848000000-0x0000028848ba0000-0x0000028848ba0000), size 12189696, SharedBaseAddress: 0x0000028848000000, ArchiveRelocationMode: 1.
Compressed class space mapped at: 0x0000028849000000-0x0000028889000000, reserved size: 1073741824
Narrow klass base: 0x0000028848000000, Narrow klass shift: 0, Narrow klass range: 0x100000000

GC Precious Log:
 CardTable entry size: 512
 CPUs: 12 total, 12 available
 Memory: 14020M
 Large Page Support: Disabled
 NUMA Support: Disabled
 Compressed Oops: Enabled (32-bit)
 Alignments: Space 512K, Generation 512K, Heap 2M
 Heap Min Capacity: 100M
 Heap Initial Capacity: 100M
 Heap Max Capacity: 2G
 Pre-touch: Disabled
 Parallel Workers: 10

Heap:
 PSYoungGen      total 4608K, used 4371K [0x00000000d5580000, 0x00000000d5b80000, 0x0000000100000000)
  eden space 4096K, 95% used [0x00000000d5580000,0x00000000d5954e58,0x00000000d5980000)
  from space 512K, 87% used [0x00000000d5980000,0x00000000d59f0000,0x00000000d5a00000)
  to   space 1024K, 0% used [0x00000000d5a80000,0x00000000d5a80000,0x00000000d5b80000)
 ParOldGen       total 241152K, used 150813K [0x0000000080000000, 0x000000008eb80000, 0x00000000d5580000)
  object space 241152K, 62% used [0x0000000080000000,0x00000000893477a8,0x000000008eb80000)
 Metaspace       used 81770K, committed 83520K, reserved 1179648K
  class space    used 8583K, committed 9344K, reserved 1048576K

Card table byte_map: [0x0000028830450000,0x0000028830860000] _byte_map_base: 0x0000028830050000

Marking Bits: (ParMarkBitMap*) 0x00007ffa58e5a340
 Begin Bits: [0x0000028842f50000, 0x0000028844f50000)
 End Bits:   [0x0000028844f50000, 0x0000028846f50000)

Polling page: 0x000002882e8f0000

Metaspace:

Usage:
  Non-class:     71.47 MB used.
      Class:      8.38 MB used.
       Both:     79.85 MB used.

Virtual space:
  Non-class space:      128.00 MB reserved,      72.44 MB ( 57%) committed,  2 nodes.
      Class space:        1.00 GB reserved,       9.12 MB ( <1%) committed,  1 nodes.
             Both:        1.12 GB reserved,      81.56 MB (  7%) committed. 

Chunk freelists:
   Non-Class:  7.48 MB
       Class:  6.80 MB
        Both:  14.29 MB

MaxMetaspaceSize: unlimited
CompressedClassSpaceSize: 1.00 GB
Initial GC threshold: 21.00 MB
Current GC threshold: 130.00 MB
CDS: on
 - commit_granule_bytes: 65536.
 - commit_granule_words: 8192.
 - virtual_space_node_default_size: 8388608.
 - enlarge_chunks_in_place: 1.
 - use_allocation_guard: 0.


Internal statistics:

num_allocs_failed_limit: 9.
num_arena_births: 1478.
num_arena_deaths: 20.
num_vsnodes_births: 3.
num_vsnodes_deaths: 0.
num_space_committed: 1306.
num_space_uncommitted: 2.
num_chunks_returned_to_freelist: 55.
num_chunks_taken_from_freelist: 5432.
num_chunk_merges: 17.
num_chunk_splits: 3325.
num_chunks_enlarged: 1908.
num_inconsistent_stats: 0.

CodeHeap 'non-profiled nmethods': size=120000Kb used=13502Kb max_used=13502Kb free=106497Kb
 bounds [0x000002883b770000, 0x000002883c4a0000, 0x0000028842ca0000]
CodeHeap 'profiled nmethods': size=120000Kb used=40630Kb max_used=40630Kb free=79369Kb
 bounds [0x0000028833ca0000, 0x0000028836450000, 0x000002883b1d0000]
CodeHeap 'non-nmethods': size=5760Kb used=1486Kb max_used=1608Kb free=4274Kb
 bounds [0x000002883b1d0000, 0x000002883b440000, 0x000002883b770000]
CodeCache: size=245760Kb, used=55618Kb, max_used=55740Kb, free=190140Kb
 total_blobs=17323, nmethods=16515, adapters=710, full_count=0
Compilation: enabled, stopped_count=0, restarted_count=0

Compilation events (20 events):
Event: 4537.587 Thread 0x00000288898aa020 nmethod 18303 0x000002883644af90 code [0x000002883644b180, 0x000002883644b780]
Event: 4537.733 Thread 0x0000028830b63500 nmethod 18302 0x000002883c492190 code [0x000002883c4929c0, 0x000002883c497490]
Event: 4537.733 Thread 0x0000028830b63500 18304   !   4       org.eclipse.core.internal.resources.Workspace::getResourceInfo (109 bytes)
Event: 4537.750 Thread 0x0000028830b63500 nmethod 18304 0x000002883c49ae10 code [0x000002883c49b0a0, 0x000002883c49c140]
Event: 4548.732 Thread 0x00000288898aa020 18305   !   3       java.io.InputStream::read (81 bytes)
Event: 4548.733 Thread 0x00000288898aa020 nmethod 18305 0x000002883644bb10 code [0x000002883644bd20, 0x000002883644c3c0]
Event: 4548.734 Thread 0x0000028830b63500 18306       4       org.eclipse.jdt.ls.core.internal.filesystem.JLSFsUtils::shouldStoreInMetadataArea (73 bytes)
Event: 4548.737 Thread 0x00000288898aa020 18307       3       jdk.internal.jrtfs.JrtPath::toAbsolutePath (44 bytes)
Event: 4548.738 Thread 0x00000288898aa020 nmethod 18307 0x000002883644c610 code [0x000002883644c8c0, 0x000002883644d5e0]
Event: 4548.765 Thread 0x0000028830b63500 nmethod 18306 0x000002883c49cc10 code [0x000002883c49cfc0, 0x000002883c49e718]
Event: 4685.642 Thread 0x00000288898aa020 18308       3       java.util.concurrent.locks.AbstractQueuedSynchronizer$Node::clearStatus (12 bytes)
Event: 4685.643 Thread 0x00000288898aa020 nmethod 18308 0x000002883644db10 code [0x000002883644dcc0, 0x000002883644de20]
Event: 4712.300 Thread 0x00000288898aa020 18309       3       org.eclipse.core.internal.filesystem.FileStoreUtil::countCharButNotAtEnd (34 bytes)
Event: 4712.300 Thread 0x00000288898aa020 nmethod 18309 0x000002883644df10 code [0x000002883644e120, 0x000002883644e888]
Event: 4712.303 Thread 0x00000288898aa020 18310   !   3       sun.nio.ch.PendingFuture::prepareForWait (43 bytes)
Event: 4712.304 Thread 0x00000288898aa020 nmethod 18310 0x000002883644ec10 code [0x000002883644ee00, 0x000002883644f440]
Event: 4815.748 Thread 0x0000028830b63500 18311       4       java.util.concurrent.ThreadPoolExecutor::beforeExecute (1 bytes)
Event: 4815.748 Thread 0x0000028830b63500 nmethod 18311 0x000002883c49f890 code [0x000002883c49fa20, 0x000002883c49faa8]
Event: 4820.969 Thread 0x00000288898aa020 18312       3       sun.security.provider.AbstractDrbg::engineNextBytes (15 bytes)
Event: 4820.970 Thread 0x00000288898aa020 nmethod 18312 0x000002883644f690 code [0x000002883644f840, 0x000002883644f9e0]

GC Heap History (20 events):
Event: 37.608 GC heap before
{Heap before GC invocations=526 (full 4):
 PSYoungGen      total 4608K, used 4448K [0x00000000d5580000, 0x00000000d5b80000, 0x0000000100000000)
  eden space 4096K, 100% used [0x00000000d5580000,0x00000000d5980000,0x00000000d5980000)
  from space 512K, 68% used [0x00000000d5a80000,0x00000000d5ad8000,0x00000000d5b00000)
  to   space 512K, 0% used [0x00000000d5b00000,0x00000000d5b00000,0x00000000d5b80000)
 ParOldGen       total 241152K, used 146725K [0x0000000080000000, 0x000000008eb80000, 0x00000000d5580000)
  object space 241152K, 60% used [0x0000000080000000,0x0000000088f49540,0x000000008eb80000)
 Metaspace       used 81286K, committed 83008K, reserved 1179648K
  class space    used 8548K, committed 9280K, reserved 1048576K
}
Event: 37.609 GC heap after
{Heap after GC invocations=526 (full 4):
 PSYoungGen      total 4608K, used 416K [0x00000000d5580000, 0x00000000d5b80000, 0x0000000100000000)
  eden space 4096K, 0% used [0x00000000d5580000,0x00000000d5580000,0x00000000d5980000)
  from space 512K, 81% used [0x00000000d5b00000,0x00000000d5b68000,0x00000000d5b80000)
  to   space 512K, 0% used [0x00000000d5a80000,0x00000000d5a80000,0x00000000d5b00000)
 ParOldGen       total 241152K, used 146893K [0x0000000080000000, 0x000000008eb80000, 0x00000000d5580000)
  object space 241152K, 60% used [0x0000000080000000,0x0000000088f73560,0x000000008eb80000)
 Metaspace       used 81286K, committed 83008K, reserved 1179648K
  class space    used 8548K, committed 9280K, reserved 1048576K
}
Event: 37.635 GC heap before
{Heap before GC invocations=527 (full 4):
 PSYoungGen      total 4608K, used 4512K [0x00000000d5580000, 0x00000000d5b80000, 0x0000000100000000)
  eden space 4096K, 100% used [0x00000000d5580000,0x00000000d5980000,0x00000000d5980000)
  from space 512K, 81% used [0x00000000d5b00000,0x00000000d5b68000,0x00000000d5b80000)
  to   space 512K, 0% used [0x00000000d5a80000,0x00000000d5a80000,0x00000000d5b00000)
 ParOldGen       total 241152K, used 146893K [0x0000000080000000, 0x000000008eb80000, 0x00000000d5580000)
  object space 241152K, 60% used [0x0000000080000000,0x0000000088f73560,0x000000008eb80000)
 Metaspace       used 81286K, committed 83008K, reserved 1179648K
  class space    used 8548K, committed 9280K, reserved 1048576K
}
Event: 37.636 GC heap after
{Heap after GC invocations=527 (full 4):
 PSYoungGen      total 4608K, used 448K [0x00000000d5580000, 0x00000000d5b80000, 0x0000000100000000)
  eden space 4096K, 0% used [0x00000000d5580000,0x00000000d5580000,0x00000000d5980000)
  from space 512K, 87% used [0x00000000d5a80000,0x00000000d5af0000,0x00000000d5b00000)
  to   space 512K, 0% used [0x00000000d5b00000,0x00000000d5b00000,0x00000000d5b80000)
 ParOldGen       total 241152K, used 147061K [0x0000000080000000, 0x000000008eb80000, 0x00000000d5580000)
  object space 241152K, 60% used [0x0000000080000000,0x0000000088f9d580,0x000000008eb80000)
 Metaspace       used 81286K, committed 83008K, reserved 1179648K
  class space    used 8548K, committed 9280K, reserved 1048576K
}
Event: 37.661 GC heap before
{Heap before GC invocations=528 (full 4):
 PSYoungGen      total 4608K, used 4544K [0x00000000d5580000, 0x00000000d5b80000, 0x0000000100000000)
  eden space 4096K, 100% used [0x00000000d5580000,0x00000000d5980000,0x00000000d5980000)
  from space 512K, 87% used [0x00000000d5a80000,0x00000000d5af0000,0x00000000d5b00000)
  to   space 512K, 0% used [0x00000000d5b00000,0x00000000d5b00000,0x00000000d5b80000)
 ParOldGen       total 241152K, used 147061K [0x0000000080000000, 0x000000008eb80000, 0x00000000d5580000)
  object space 241152K, 60% used [0x0000000080000000,0x0000000088f9d580,0x000000008eb80000)
 Metaspace       used 81294K, committed 83008K, reserved 1179648K
  class space    used 8548K, committed 9280K, reserved 1048576K
}
Event: 37.662 GC heap after
{Heap after GC invocations=528 (full 4):
 PSYoungGen      total 4608K, used 320K [0x00000000d5580000, 0x00000000d5b80000, 0x0000000100000000)
  eden space 4096K, 0% used [0x00000000d5580000,0x00000000d5580000,0x00000000d5980000)
  from space 512K, 62% used [0x00000000d5b00000,0x00000000d5b50000,0x00000000d5b80000)
  to   space 512K, 0% used [0x00000000d5a80000,0x00000000d5a80000,0x00000000d5b00000)
 ParOldGen       total 241152K, used 147269K [0x0000000080000000, 0x000000008eb80000, 0x00000000d5580000)
  object space 241152K, 61% used [0x0000000080000000,0x0000000088fd15a0,0x000000008eb80000)
 Metaspace       used 81294K, committed 83008K, reserved 1179648K
  class space    used 8548K, committed 9280K, reserved 1048576K
}
Event: 37.686 GC heap before
{Heap before GC invocations=529 (full 4):
 PSYoungGen      total 4608K, used 4416K [0x00000000d5580000, 0x00000000d5b80000, 0x0000000100000000)
  eden space 4096K, 100% used [0x00000000d5580000,0x00000000d5980000,0x00000000d5980000)
  from space 512K, 62% used [0x00000000d5b00000,0x00000000d5b50000,0x00000000d5b80000)
  to   space 512K, 0% used [0x00000000d5a80000,0x00000000d5a80000,0x00000000d5b00000)
 ParOldGen       total 241152K, used 147269K [0x0000000080000000, 0x000000008eb80000, 0x00000000d5580000)
  object space 241152K, 61% used [0x0000000080000000,0x0000000088fd15a0,0x000000008eb80000)
 Metaspace       used 81294K, committed 83008K, reserved 1179648K
  class space    used 8548K, committed 9280K, reserved 1048576K
}
Event: 37.687 GC heap after
{Heap after GC invocations=529 (full 4):
 PSYoungGen      total 4608K, used 512K [0x00000000d5580000, 0x00000000d5b80000, 0x0000000100000000)
  eden space 4096K, 0% used [0x00000000d5580000,0x00000000d5580000,0x00000000d5980000)
  from space 512K, 100% used [0x00000000d5a80000,0x00000000d5b00000,0x00000000d5b00000)
  to   space 512K, 0% used [0x00000000d5b00000,0x00000000d5b00000,0x00000000d5b80000)
 ParOldGen       total 241152K, used 147506K [0x0000000080000000, 0x000000008eb80000, 0x00000000d5580000)
  object space 241152K, 61% used [0x0000000080000000,0x000000008900c848,0x000000008eb80000)
 Metaspace       used 81294K, committed 83008K, reserved 1179648K
  class space    used 8548K, committed 9280K, reserved 1048576K
}
Event: 37.701 GC heap before
{Heap before GC invocations=530 (full 4):
 PSYoungGen      total 4608K, used 4608K [0x00000000d5580000, 0x00000000d5b80000, 0x0000000100000000)
  eden space 4096K, 100% used [0x00000000d5580000,0x00000000d5980000,0x00000000d5980000)
  from space 512K, 100% used [0x00000000d5a80000,0x00000000d5b00000,0x00000000d5b00000)
  to   space 512K, 0% used [0x00000000d5b00000,0x00000000d5b00000,0x00000000d5b80000)
 ParOldGen       total 241152K, used 147506K [0x0000000080000000, 0x000000008eb80000, 0x00000000d5580000)
  object space 241152K, 61% used [0x0000000080000000,0x000000008900c848,0x000000008eb80000)
 Metaspace       used 81294K, committed 83008K, reserved 1179648K
  class space    used 8548K, committed 9280K, reserved 1048576K
}
Event: 37.702 GC heap after
{Heap after GC invocations=530 (full 4):
 PSYoungGen      total 4608K, used 480K [0x00000000d5580000, 0x00000000d5b80000, 0x0000000100000000)
  eden space 4096K, 0% used [0x00000000d5580000,0x00000000d5580000,0x00000000d5980000)
  from space 512K, 93% used [0x00000000d5b00000,0x00000000d5b78020,0x00000000d5b80000)
  to   space 1024K, 0% used [0x00000000d5980000,0x00000000d5980000,0x00000000d5a80000)
 ParOldGen       total 241152K, used 147922K [0x0000000080000000, 0x000000008eb80000, 0x00000000d5580000)
  object space 241152K, 61% used [0x0000000080000000,0x0000000089074848,0x000000008eb80000)
 Metaspace       used 81294K, committed 83008K, reserved 1179648K
  class space    used 8548K, committed 9280K, reserved 1048576K
}
Event: 37.717 GC heap before
{Heap before GC invocations=531 (full 4):
 PSYoungGen      total 4608K, used 4576K [0x00000000d5580000, 0x00000000d5b80000, 0x0000000100000000)
  eden space 4096K, 100% used [0x00000000d5580000,0x00000000d5980000,0x00000000d5980000)
  from space 512K, 93% used [0x00000000d5b00000,0x00000000d5b78020,0x00000000d5b80000)
  to   space 1024K, 0% used [0x00000000d5980000,0x00000000d5980000,0x00000000d5a80000)
 ParOldGen       total 241152K, used 147922K [0x0000000080000000, 0x000000008eb80000, 0x00000000d5580000)
  object space 241152K, 61% used [0x0000000080000000,0x0000000089074848,0x000000008eb80000)
 Metaspace       used 81294K, committed 83008K, reserved 1179648K
  class space    used 8548K, committed 9280K, reserved 1048576K
}
Event: 37.718 GC heap after
{Heap after GC invocations=531 (full 4):
 PSYoungGen      total 5120K, used 496K [0x00000000d5580000, 0x00000000d5b80000, 0x0000000100000000)
  eden space 4096K, 0% used [0x00000000d5580000,0x00000000d5580000,0x00000000d5980000)
  from space 1024K, 48% used [0x00000000d5980000,0x00000000d59fc010,0x00000000d5a80000)
  to   space 1024K, 0% used [0x00000000d5a80000,0x00000000d5a80000,0x00000000d5b80000)
 ParOldGen       total 241152K, used 148330K [0x0000000080000000, 0x000000008eb80000, 0x00000000d5580000)
  object space 241152K, 61% used [0x0000000080000000,0x00000000890da868,0x000000008eb80000)
 Metaspace       used 81294K, committed 83008K, reserved 1179648K
  class space    used 8548K, committed 9280K, reserved 1048576K
}
Event: 37.755 GC heap before
{Heap before GC invocations=532 (full 4):
 PSYoungGen      total 5120K, used 4592K [0x00000000d5580000, 0x00000000d5b80000, 0x0000000100000000)
  eden space 4096K, 100% used [0x00000000d5580000,0x00000000d5980000,0x00000000d5980000)
  from space 1024K, 48% used [0x00000000d5980000,0x00000000d59fc010,0x00000000d5a80000)
  to   space 1024K, 0% used [0x00000000d5a80000,0x00000000d5a80000,0x00000000d5b80000)
 ParOldGen       total 241152K, used 148330K [0x0000000080000000, 0x000000008eb80000, 0x00000000d5580000)
  object space 241152K, 61% used [0x0000000080000000,0x00000000890da868,0x000000008eb80000)
 Metaspace       used 81297K, committed 83008K, reserved 1179648K
  class space    used 8548K, committed 9280K, reserved 1048576K
}
Event: 37.756 GC heap after
{Heap after GC invocations=532 (full 4):
 PSYoungGen      total 4608K, used 448K [0x00000000d5580000, 0x00000000d5b00000, 0x0000000100000000)
  eden space 4096K, 0% used [0x00000000d5580000,0x00000000d5580000,0x00000000d5980000)
  from space 512K, 87% used [0x00000000d5a80000,0x00000000d5af0020,0x00000000d5b00000)
  to   space 512K, 0% used [0x00000000d5a00000,0x00000000d5a00000,0x00000000d5a80000)
 ParOldGen       total 241152K, used 148650K [0x0000000080000000, 0x000000008eb80000, 0x00000000d5580000)
  object space 241152K, 61% used [0x0000000080000000,0x000000008912a868,0x000000008eb80000)
 Metaspace       used 81297K, committed 83008K, reserved 1179648K
  class space    used 8548K, committed 9280K, reserved 1048576K
}
Event: 37.780 GC heap before
{Heap before GC invocations=533 (full 4):
 PSYoungGen      total 4608K, used 4533K [0x00000000d5580000, 0x00000000d5b00000, 0x0000000100000000)
  eden space 4096K, 99% used [0x00000000d5580000,0x00000000d597d3f8,0x00000000d5980000)
  from space 512K, 87% used [0x00000000d5a80000,0x00000000d5af0020,0x00000000d5b00000)
  to   space 512K, 0% used [0x00000000d5a00000,0x00000000d5a00000,0x00000000d5a80000)
 ParOldGen       total 241152K, used 148650K [0x0000000080000000, 0x000000008eb80000, 0x00000000d5580000)
  object space 241152K, 61% used [0x0000000080000000,0x000000008912a868,0x000000008eb80000)
 Metaspace       used 81309K, committed 83008K, reserved 1179648K
  class space    used 8548K, committed 9280K, reserved 1048576K
}
Event: 37.781 GC heap after
{Heap after GC invocations=533 (full 4):
 PSYoungGen      total 4608K, used 512K [0x00000000d5580000, 0x00000000d5c80000, 0x0000000100000000)
  eden space 4096K, 0% used [0x00000000d5580000,0x00000000d5580000,0x00000000d5980000)
  from space 512K, 100% used [0x00000000d5a00000,0x00000000d5a80000,0x00000000d5a80000)
  to   space 1536K, 0% used [0x00000000d5b00000,0x00000000d5b00000,0x00000000d5c80000)
 ParOldGen       total 241152K, used 149362K [0x0000000080000000, 0x000000008eb80000, 0x00000000d5580000)
  object space 241152K, 61% used [0x0000000080000000,0x00000000891dc898,0x000000008eb80000)
 Metaspace       used 81309K, committed 83008K, reserved 1179648K
  class space    used 8548K, committed 9280K, reserved 1048576K
}
Event: 37.816 GC heap before
{Heap before GC invocations=534 (full 4):
 PSYoungGen      total 4608K, used 4608K [0x00000000d5580000, 0x00000000d5c80000, 0x0000000100000000)
  eden space 4096K, 100% used [0x00000000d5580000,0x00000000d5980000,0x00000000d5980000)
  from space 512K, 100% used [0x00000000d5a00000,0x00000000d5a80000,0x00000000d5a80000)
  to   space 1536K, 0% used [0x00000000d5b00000,0x00000000d5b00000,0x00000000d5c80000)
 ParOldGen       total 241152K, used 149362K [0x0000000080000000, 0x000000008eb80000, 0x00000000d5580000)
  object space 241152K, 61% used [0x0000000080000000,0x00000000891dc898,0x000000008eb80000)
 Metaspace       used 81432K, committed 83136K, reserved 1179648K
  class space    used 8548K, committed 9280K, reserved 1048576K
}
Event: 37.818 GC heap after
{Heap after GC invocations=534 (full 4):
 PSYoungGen      total 5632K, used 1063K [0x00000000d5580000, 0x00000000d5c80000, 0x0000000100000000)
  eden space 4096K, 0% used [0x00000000d5580000,0x00000000d5580000,0x00000000d5980000)
  from space 1536K, 69% used [0x00000000d5b00000,0x00000000d5c09de0,0x00000000d5c80000)
  to   space 1536K, 0% used [0x00000000d5980000,0x00000000d5980000,0x00000000d5b00000)
 ParOldGen       total 241152K, used 149911K [0x0000000080000000, 0x000000008eb80000, 0x00000000d5580000)
  object space 241152K, 62% used [0x0000000080000000,0x0000000089265ea0,0x000000008eb80000)
 Metaspace       used 81432K, committed 83136K, reserved 1179648K
  class space    used 8548K, committed 9280K, reserved 1048576K
}
Event: 321.610 GC heap before
{Heap before GC invocations=535 (full 4):
 PSYoungGen      total 5632K, used 5159K [0x00000000d5580000, 0x00000000d5c80000, 0x0000000100000000)
  eden space 4096K, 100% used [0x00000000d5580000,0x00000000d5980000,0x00000000d5980000)
  from space 1536K, 69% used [0x00000000d5b00000,0x00000000d5c09de0,0x00000000d5c80000)
  to   space 1536K, 0% used [0x00000000d5980000,0x00000000d5980000,0x00000000d5b00000)
 ParOldGen       total 241152K, used 149911K [0x0000000080000000, 0x000000008eb80000, 0x00000000d5580000)
  object space 241152K, 62% used [0x0000000080000000,0x0000000089265ea0,0x000000008eb80000)
 Metaspace       used 81661K, committed 83456K, reserved 1179648K
  class space    used 8574K, committed 9344K, reserved 1048576K
}
Event: 321.645 GC heap after
{Heap after GC invocations=535 (full 4):
 PSYoungGen      total 4608K, used 448K [0x00000000d5580000, 0x00000000d5b80000, 0x0000000100000000)
  eden space 4096K, 0% used [0x00000000d5580000,0x00000000d5580000,0x00000000d5980000)
  from space 512K, 87% used [0x00000000d5980000,0x00000000d59f0000,0x00000000d5a00000)
  to   space 1024K, 0% used [0x00000000d5a80000,0x00000000d5a80000,0x00000000d5b80000)
 ParOldGen       total 241152K, used 150813K [0x0000000080000000, 0x000000008eb80000, 0x00000000d5580000)
  object space 241152K, 62% used [0x0000000080000000,0x00000000893477a8,0x000000008eb80000)
 Metaspace       used 81661K, committed 83456K, reserved 1179648K
  class space    used 8574K, committed 9344K, reserved 1048576K
}

Dll operation events (10 events):
Event: 0.039 Loaded shared library c:\Users\PC\.cursor\extensions\redhat.java-1.47.0-win32-x64\jre\21.0.8-win32-x86_64\bin\java.dll
Event: 0.096 Loaded shared library c:\Users\PC\.cursor\extensions\redhat.java-1.47.0-win32-x64\jre\21.0.8-win32-x86_64\bin\zip.dll
Event: 0.114 Loaded shared library C:\Users\PC\.cursor\extensions\redhat.java-1.47.0-win32-x64\jre\21.0.8-win32-x86_64\bin\instrument.dll
Event: 0.119 Loaded shared library C:\Users\PC\.cursor\extensions\redhat.java-1.47.0-win32-x64\jre\21.0.8-win32-x86_64\bin\net.dll
Event: 0.121 Loaded shared library C:\Users\PC\.cursor\extensions\redhat.java-1.47.0-win32-x64\jre\21.0.8-win32-x86_64\bin\nio.dll
Event: 0.124 Loaded shared library C:\Users\PC\.cursor\extensions\redhat.java-1.47.0-win32-x64\jre\21.0.8-win32-x86_64\bin\zip.dll
Event: 0.140 Loaded shared library C:\Users\PC\.cursor\extensions\redhat.java-1.47.0-win32-x64\jre\21.0.8-win32-x86_64\bin\jimage.dll
Event: 0.203 Loaded shared library c:\Users\PC\.cursor\extensions\redhat.java-1.47.0-win32-x64\jre\21.0.8-win32-x86_64\bin\verify.dll
Event: 9.212 Loaded shared library C:\Users\PC\AppData\Roaming\Cursor\User\globalStorage\redhat.java\1.47.0\config_win\org.eclipse.equinox.launcher\org.eclipse.equinox.launcher.win32.win32.x86_64_1.2.1400.v20250801-0854\eclipse_11916.dll
Event: 20.608 Loaded shared library C:\Users\PC\AppData\Local\Temp\jna-2547\jna13931570285657921488.dll

Deoptimization events (20 events):
Event: 4525.205 Thread 0x000002889e492c90 Uncommon trap: trap_request=0xffffff45 fr.pc=0x000002883c196198 relative=0x00000000000003b8
Event: 4525.205 Thread 0x000002889e492c90 Uncommon trap: reason=unstable_if action=reinterpret pc=0x000002883c196198 method=java.lang.Module.getLayer()Ljava/lang/ModuleLayer; @ 13 c2
Event: 4525.205 Thread 0x000002889e492c90 DEOPT PACKING pc=0x000002883c196198 sp=0x000000a4483fd390
Event: 4525.205 Thread 0x000002889e492c90 DEOPT UNPACKING pc=0x000002883b223aa2 sp=0x000000a4483fd260 mode 2
Event: 4525.206 Thread 0x000002889e492c90 Uncommon trap: trap_request=0xffffff45 fr.pc=0x000002883c196878 relative=0x00000000000000b8
Event: 4525.206 Thread 0x000002889e492c90 Uncommon trap: reason=unstable_if action=reinterpret pc=0x000002883c196878 method=java.lang.Module.getLayer()Ljava/lang/ModuleLayer; @ 13 c2
Event: 4525.206 Thread 0x000002889e492c90 DEOPT PACKING pc=0x000002883c196878 sp=0x000000a4483fd2c0
Event: 4525.206 Thread 0x000002889e492c90 DEOPT UNPACKING pc=0x000002883b223aa2 sp=0x000000a4483fd240 mode 2
Event: 4525.226 Thread 0x000002889e492c90 Uncommon trap: trap_request=0xffffff45 fr.pc=0x000002883c43146c relative=0x000000000000004c
Event: 4525.226 Thread 0x000002889e492c90 Uncommon trap: reason=unstable_if action=reinterpret pc=0x000002883c43146c method=java.util.Formatter$Conversion.isValid(C)Z @ 1 c2
Event: 4525.226 Thread 0x000002889e492c90 DEOPT PACKING pc=0x000002883c43146c sp=0x000000a4483fd440
Event: 4525.226 Thread 0x000002889e492c90 DEOPT UNPACKING pc=0x000002883b223aa2 sp=0x000000a4483fd3c8 mode 2
Event: 4525.227 Thread 0x000002889e492c90 Uncommon trap: trap_request=0xffffff45 fr.pc=0x000002883c437ed0 relative=0x00000000000006d0
Event: 4525.227 Thread 0x000002889e492c90 Uncommon trap: reason=unstable_if action=reinterpret pc=0x000002883c437ed0 method=java.util.Formatter$FormatSpecifier.print(Ljava/util/Formatter;Ljava/lang/Object;Ljava/util/Locale;)V @ 4 c2
Event: 4525.227 Thread 0x000002889e492c90 DEOPT PACKING pc=0x000002883c437ed0 sp=0x000000a4483fd540
Event: 4525.227 Thread 0x000002889e492c90 DEOPT UNPACKING pc=0x000002883b223aa2 sp=0x000000a4483fd500 mode 2
Event: 4525.228 Thread 0x000002889e492c90 Uncommon trap: trap_request=0xffffff45 fr.pc=0x000002883c03f7f4 relative=0x0000000000000414
Event: 4525.228 Thread 0x000002889e492c90 Uncommon trap: reason=unstable_if action=reinterpret pc=0x000002883c03f7f4 method=java.io.BufferedOutputStream.implWrite([BII)V @ 5 c2
Event: 4525.228 Thread 0x000002889e492c90 DEOPT PACKING pc=0x000002883c03f7f4 sp=0x000000a4483fd3d0
Event: 4525.228 Thread 0x000002889e492c90 DEOPT UNPACKING pc=0x000002883b223aa2 sp=0x000000a4483fd330 mode 2

Classes loaded (20 events):
Event: 34.371 Loading class com/sun/org/apache/xerces/internal/util/URI
Event: 34.372 Loading class com/sun/org/apache/xerces/internal/util/URI done
Event: 34.373 Loading class com/sun/org/apache/xerces/internal/xni/XNIException
Event: 34.373 Loading class com/sun/org/apache/xerces/internal/xni/XNIException done
Event: 34.376 Loading class com/sun/org/apache/xerces/internal/xni/parser/XMLParseException
Event: 34.376 Loading class com/sun/org/apache/xerces/internal/xni/parser/XMLParseException done
Event: 35.086 Loading class jdk/internal/module/IllegalAccessLogger
Event: 35.086 Loading class jdk/internal/module/IllegalAccessLogger done
Event: 35.982 Loading class jdk/internal/module/IllegalAccessLogger
Event: 35.982 Loading class jdk/internal/module/IllegalAccessLogger done
Event: 321.339 Loading class java/util/stream/Nodes$CollectorTask$OfRef
Event: 321.342 Loading class java/util/stream/Nodes$CollectorTask
Event: 321.345 Loading class java/util/stream/Nodes$CollectorTask done
Event: 321.345 Loading class java/util/stream/Nodes$CollectorTask$OfRef done
Event: 321.346 Loading class java/util/function/LongFunction
Event: 321.347 Loading class java/util/function/LongFunction done
Event: 321.349 Loading class java/util/stream/Nodes$ConcNode
Event: 321.350 Loading class java/util/stream/Nodes$AbstractConcNode
Event: 321.351 Loading class java/util/stream/Nodes$AbstractConcNode done
Event: 321.351 Loading class java/util/stream/Nodes$ConcNode done

Classes unloaded (20 events):
Event: 35.240 Thread 0x0000028830a44a40 Unloading class 0x00000288497cd1e0 'org/codehaus/plexus/interpolation/Interpolator'
Event: 35.240 Thread 0x0000028830a44a40 Unloading class 0x00000288497ccfe0 'org/codehaus/plexus/interpolation/BasicInterpolator'
Event: 35.240 Thread 0x0000028830a44a40 Unloading class 0x00000288497ccde0 'org/codehaus/plexus/interpolation/ValueSource'
Event: 35.240 Thread 0x0000028830a44a40 Unloading class 0x00000288497cca18 'org/apache/maven/shared/filtering/MavenResourcesExecution'
Event: 35.240 Thread 0x0000028830a44a40 Unloading class 0x00000288497cc740 'org/apache/maven/shared/filtering/AbstractMavenFilteringRequest'
Event: 35.240 Thread 0x0000028830a44a40 Unloading class 0x00000288497cc4e0 'org/apache/maven/shared/filtering/MavenFilteringException'
Event: 35.240 Thread 0x0000028830a44a40 Unloading class 0x00000288497cc290 'org/apache/maven/shared/filtering/DefaultMavenResourcesFiltering'
Event: 35.240 Thread 0x0000028830a44a40 Unloading class 0x00000288497c5e00 'org/apache/maven/shared/filtering/MavenResourcesFiltering'
Event: 35.240 Thread 0x0000028830a44a40 Unloading class 0x00000288497cc000 'org/apache/maven/shared/filtering/DefaultMavenReaderFilter'
Event: 35.240 Thread 0x0000028830a44a40 Unloading class 0x00000288497c5c00 'org/apache/maven/shared/filtering/MavenReaderFilter'
Event: 35.240 Thread 0x0000028830a44a40 Unloading class 0x00000288497c5960 'org/apache/maven/shared/filtering/DefaultMavenFileFilter'
Event: 35.240 Thread 0x0000028830a44a40 Unloading class 0x00000288497c5710 'org/apache/maven/shared/filtering/BaseFilter'
Event: 35.240 Thread 0x0000028830a44a40 Unloading class 0x00000288497c5510 'org/apache/maven/shared/filtering/MavenFileFilter'
Event: 35.240 Thread 0x0000028830a44a40 Unloading class 0x00000288497c5310 'org/apache/maven/shared/filtering/DefaultFilterInfo'
Event: 35.240 Thread 0x0000028830a44a40 Unloading class 0x00000288497c5000 'org/apache/maven/plugins/resources/TestResourcesMojo'
Event: 35.240 Thread 0x0000028830a44a40 Unloading class 0x00000288497c4400 'org/apache/maven/plugins/maven_resources_plugin/HelpMojo'
Event: 35.240 Thread 0x0000028830a44a40 Unloading class 0x00000288497c4b10 'org/apache/maven/plugins/resources/CopyResourcesMojo'
Event: 35.240 Thread 0x0000028830a44a40 Unloading class 0x00000288497c4800 'org/apache/maven/plugins/resources/ResourcesMojo'
Event: 35.240 Thread 0x0000028830a44a40 Unloading class 0x00000288497a4c00 'java/lang/invoke/LambdaForm$DMH+0x00000288497a4c00'
Event: 35.240 Thread 0x0000028830a44a40 Unloading class 0x00000288497a4800 'java/lang/invoke/LambdaForm$DMH+0x00000288497a4800'

Classes redefined (0 events):
No events

Internal exceptions (20 events):
Event: 37.437 Thread 0x0000028891fc39e0 Implicit null exception at 0x0000028835f634a1 to 0x0000028835f6369d
Event: 37.437 Thread 0x0000028891fc39e0 Exception <a 'java/lang/NullPointerException'{0x00000000d596d5d8}> (0x00000000d596d5d8) 
thrown [s\src\hotspot\share\runtime\sharedRuntime.cpp, line 625]
Event: 37.437 Thread 0x0000028891fc39e0 Implicit null exception at 0x0000028835f634a1 to 0x0000028835f6369d
Event: 37.437 Thread 0x0000028891fc39e0 Exception <a 'java/lang/NullPointerException'{0x00000000d596e308}> (0x00000000d596e308) 
thrown [s\src\hotspot\share\runtime\sharedRuntime.cpp, line 625]
Event: 37.437 Thread 0x0000028891fc39e0 Implicit null exception at 0x0000028835f634a1 to 0x0000028835f6369d
Event: 37.437 Thread 0x0000028891fc39e0 Exception <a 'java/lang/NullPointerException'{0x00000000d596fd10}> (0x00000000d596fd10) 
thrown [s\src\hotspot\share\runtime\sharedRuntime.cpp, line 625]
Event: 37.437 Thread 0x0000028891fc39e0 Implicit null exception at 0x0000028835f634a1 to 0x0000028835f6369d
Event: 37.437 Thread 0x0000028891fc39e0 Exception <a 'java/lang/NullPointerException'{0x00000000d5971490}> (0x00000000d5971490) 
thrown [s\src\hotspot\share\runtime\sharedRuntime.cpp, line 625]
Event: 37.437 Thread 0x0000028891fc39e0 Implicit null exception at 0x0000028835f634a1 to 0x0000028835f6369d
Event: 37.437 Thread 0x0000028891fc39e0 Exception <a 'java/lang/NullPointerException'{0x00000000d5971fe8}> (0x00000000d5971fe8) 
thrown [s\src\hotspot\share\runtime\sharedRuntime.cpp, line 625]
Event: 37.786 Thread 0x0000028891fc39e0 Implicit null exception at 0x0000028835f634a1 to 0x0000028835f6369d
Event: 37.786 Thread 0x0000028891fc39e0 Exception <a 'java/lang/NullPointerException'{0x00000000d5634e38}> (0x00000000d5634e38) 
thrown [s\src\hotspot\share\runtime\sharedRuntime.cpp, line 625]
Event: 37.791 Thread 0x0000028891fc39e0 Implicit null exception at 0x0000028835f634a1 to 0x0000028835f6369d
Event: 37.791 Thread 0x0000028891fc39e0 Exception <a 'java/lang/NullPointerException'{0x00000000d56a61b0}> (0x00000000d56a61b0) 
thrown [s\src\hotspot\share\runtime\sharedRuntime.cpp, line 625]
Event: 37.791 Thread 0x0000028891fc39e0 Implicit null exception at 0x0000028835f634a1 to 0x0000028835f6369d
Event: 37.791 Thread 0x0000028891fc39e0 Exception <a 'java/lang/NullPointerException'{0x00000000d56a7b30}> (0x00000000d56a7b30) 
thrown [s\src\hotspot\share\runtime\sharedRuntime.cpp, line 625]
Event: 321.413 Thread 0x000002889012f870 Exception <a 'sun/nio/fs/WindowsException'{0x00000000d588ef10}> (0x00000000d588ef10) 
thrown [s\src\hotspot\share\prims\jni.cpp, line 520]
Event: 321.414 Thread 0x000002889012f870 Exception <a 'sun/nio/fs/WindowsException'{0x00000000d588feb8}> (0x00000000d588feb8) 
thrown [s\src\hotspot\share\prims\jni.cpp, line 520]
Event: 321.418 Thread 0x000002889012f870 Implicit null exception at 0x000002883c130da1 to 0x000002883c1310a8
Event: 321.478 Thread 0x000002889012f870 Exception <a 'java/lang/NoSuchMethodError'{0x00000000d59254c0}: static [J.<clinit>()V> (0x00000000d59254c0) 
thrown [s\src\hotspot\share\prims\jni.cpp, line 1111]

ZGC Phase Switch (0 events):
No events

VM Operations (20 events):
Event: 4629.864 Executing VM operation: HandshakeAllThreads (HandshakeForDeflation)
Event: 4629.864 Executing VM operation: HandshakeAllThreads (HandshakeForDeflation) done
Event: 4629.864 Executing VM operation: RendezvousGCThreads
Event: 4629.864 Executing VM operation: RendezvousGCThreads done
Event: 4750.102 Executing VM operation: HandshakeAllThreads (HandshakeForDeflation)
Event: 4750.102 Executing VM operation: HandshakeAllThreads (HandshakeForDeflation) done
Event: 4750.102 Executing VM operation: RendezvousGCThreads
Event: 4750.102 Executing VM operation: RendezvousGCThreads done
Event: 4810.189 Executing VM operation: HandshakeAllThreads (HandshakeForDeflation)
Event: 4810.189 Executing VM operation: HandshakeAllThreads (HandshakeForDeflation) done
Event: 4810.189 Executing VM operation: RendezvousGCThreads
Event: 4810.189 Executing VM operation: RendezvousGCThreads done
Event: 4870.276 Executing VM operation: HandshakeAllThreads (HandshakeForDeflation)
Event: 4870.277 Executing VM operation: HandshakeAllThreads (HandshakeForDeflation) done
Event: 4870.277 Executing VM operation: RendezvousGCThreads
Event: 4870.277 Executing VM operation: RendezvousGCThreads done
Event: 5171.093 Executing VM operation: HandshakeAllThreads (HandshakeForDeflation)
Event: 5171.093 Executing VM operation: HandshakeAllThreads (HandshakeForDeflation) done
Event: 5171.093 Executing VM operation: RendezvousGCThreads
Event: 5171.093 Executing VM operation: RendezvousGCThreads done

Memory protections (0 events):
No events

Nmethod flushes (20 events):
Event: 35.275 Thread 0x0000028830a44a40 flushing  nmethod 0x0000028834e0b090
Event: 35.275 Thread 0x0000028830a44a40 flushing  nmethod 0x0000028834e14a10
Event: 35.275 Thread 0x0000028830a44a40 flushing  nmethod 0x0000028834e2c990
Event: 35.275 Thread 0x0000028830a44a40 flushing  nmethod 0x0000028834e43390
Event: 35.275 Thread 0x0000028830a44a40 flushing  nmethod 0x0000028834e7c290
Event: 35.275 Thread 0x0000028830a44a40 flushing  nmethod 0x0000028834e93390
Event: 35.275 Thread 0x0000028830a44a40 flushing  nmethod 0x0000028834e93910
Event: 35.275 Thread 0x0000028830a44a40 flushing  nmethod 0x0000028834e96e90
Event: 35.275 Thread 0x0000028830a44a40 flushing  nmethod 0x0000028834ea7710
Event: 35.275 Thread 0x0000028830a44a40 flushing  nmethod 0x0000028834ea7a90
Event: 35.275 Thread 0x0000028830a44a40 flushing  nmethod 0x0000028834ea8510
Event: 35.275 Thread 0x0000028830a44a40 flushing  nmethod 0x0000028834ea8b10
Event: 35.275 Thread 0x0000028830a44a40 flushing  nmethod 0x0000028834eb9e10
Event: 35.275 Thread 0x0000028830a44a40 flushing osr nmethod 0x0000028834ef4090
Event: 35.275 Thread 0x0000028830a44a40 flushing  nmethod 0x0000028834f09610
Event: 35.275 Thread 0x0000028830a44a40 flushing  nmethod 0x0000028834f0ad90
Event: 35.275 Thread 0x0000028830a44a40 flushing  nmethod 0x0000028834f0bc10
Event: 35.275 Thread 0x0000028830a44a40 flushing  nmethod 0x0000028834f2e010
Event: 35.275 Thread 0x0000028830a44a40 flushing  nmethod 0x0000028835848a10
Event: 35.275 Thread 0x0000028830a44a40 flushing  nmethod 0x000002883584a490

Events (20 events):
Event: 337.883 Thread 0x0000028891fc7b80 Thread exited: 0x0000028891fc7b80
Event: 394.499 Thread 0x00000288936e0850 Thread exited: 0x00000288936e0850
Event: 397.890 Thread 0x0000028891fc6140 Thread exited: 0x0000028891fc6140
Event: 454.509 Thread 0x0000028891472b00 Thread exited: 0x0000028891472b00
Event: 457.896 Thread 0x0000028891fca2e0 Thread exited: 0x0000028891fca2e0
Event: 514.521 Thread 0x00000288936dee10 Thread exited: 0x00000288936dee10
Event: 517.905 Thread 0x0000028891fc4070 Thread exited: 0x0000028891fc4070
Event: 574.529 Thread 0x00000288936dfb30 Thread exited: 0x00000288936dfb30
Event: 577.909 Thread 0x0000028891fc74f0 Thread exited: 0x0000028891fc74f0
Event: 634.535 Thread 0x00000288936e1c00 Thread exited: 0x00000288936e1c00
Event: 637.917 Thread 0x0000028891fc4d90 Thread exited: 0x0000028891fc4d90
Event: 694.541 Thread 0x00000288914710c0 Thread exited: 0x00000288914710c0
Event: 697.921 Thread 0x0000028891fc5420 Thread exited: 0x0000028891fc5420
Event: 754.546 Thread 0x00000288936e1570 Thread exited: 0x00000288936e1570
Event: 4525.028 Thread 0x000002889146c890 Thread added: 0x000002889e492c90
Event: 4525.196 Thread 0x000002889146c890 Thread added: 0x000002889e493320
Event: 4608.784 Thread 0x000002889e492c90 Thread exited: 0x000002889e492c90
Event: 4668.784 Thread 0x000002889e493320 Thread exited: 0x000002889e493320
Event: 4712.295 Thread 0x000002889146c890 Thread added: 0x000002889e4939b0
Event: 4772.308 Thread 0x000002889e4939b0 Thread exited: 0x000002889e4939b0


Dynamic libraries:
0x00007ff61c0b0000 - 0x00007ff61c0be000 	c:\Users\PC\.cursor\extensions\redhat.java-1.47.0-win32-x64\jre\21.0.8-win32-x86_64\bin\java.exe
0x00007ffb57f80000 - 0x00007ffb581e8000 	C:\WINDOWS\SYSTEM32\ntdll.dll
0x00007ffb578f0000 - 0x00007ffb579b9000 	C:\WINDOWS\System32\KERNEL32.DLL
0x00007ffb550d0000 - 0x00007ffb554c8000 	C:\WINDOWS\System32\KERNELBASE.dll
0x00007ffb558e0000 - 0x00007ffb55a2b000 	C:\WINDOWS\System32\ucrtbase.dll
0x00007ffb12ab0000 - 0x00007ffb12ac8000 	c:\Users\PC\.cursor\extensions\redhat.java-1.47.0-win32-x64\jre\21.0.8-win32-x86_64\bin\jli.dll
0x00007ffb12950000 - 0x00007ffb1296e000 	c:\Users\PC\.cursor\extensions\redhat.java-1.47.0-win32-x64\jre\21.0.8-win32-x86_64\bin\VCRUNTIME140.dll
0x00007ffb57d60000 - 0x00007ffb57f27000 	C:\WINDOWS\System32\USER32.dll
0x00007ffb558b0000 - 0x00007ffb558d7000 	C:\WINDOWS\System32\win32u.dll
0x00007ffb3bf00000 - 0x00007ffb3c194000 	C:\WINDOWS\WinSxS\amd64_microsoft.windows.common-controls_6595b64144ccf1df_6.0.26100.7019_none_3e06ffa0e335b8a8\COMCTL32.dll
0x00007ffb57c10000 - 0x00007ffb57c3b000 	C:\WINDOWS\System32\GDI32.dll
0x00007ffb56ee0000 - 0x00007ffb56f89000 	C:\WINDOWS\System32\msvcrt.dll
0x00007ffb554d0000 - 0x00007ffb555fc000 	C:\WINDOWS\System32\gdi32full.dll
0x00007ffb55a30000 - 0x00007ffb55ad3000 	C:\WINDOWS\System32\msvcp_win.dll
0x00007ffb55f80000 - 0x00007ffb55fb1000 	C:\WINDOWS\System32\IMM32.DLL
0x00007ffb28660000 - 0x00007ffb2866c000 	c:\Users\PC\.cursor\extensions\redhat.java-1.47.0-win32-x64\jre\21.0.8-win32-x86_64\bin\vcruntime140_1.dll
0x00007ffafa3e0000 - 0x00007ffafa46d000 	c:\Users\PC\.cursor\extensions\redhat.java-1.47.0-win32-x64\jre\21.0.8-win32-x86_64\bin\msvcp140.dll
0x00007ffa581a0000 - 0x00007ffa58f37000 	c:\Users\PC\.cursor\extensions\redhat.java-1.47.0-win32-x64\jre\21.0.8-win32-x86_64\bin\server\jvm.dll
0x00007ffb55d20000 - 0x00007ffb55dd4000 	C:\WINDOWS\System32\ADVAPI32.dll
0x00007ffb579c0000 - 0x00007ffb57a66000 	C:\WINDOWS\System32\sechost.dll
0x00007ffb56f90000 - 0x00007ffb570a8000 	C:\WINDOWS\System32\RPCRT4.dll
0x00007ffb56e60000 - 0x00007ffb56ed4000 	C:\WINDOWS\System32\WS2_32.dll
0x00007ffb54f50000 - 0x00007ffb54fae000 	C:\WINDOWS\SYSTEM32\POWRPROF.dll
0x00007ffb4c420000 - 0x00007ffb4c455000 	C:\WINDOWS\SYSTEM32\WINMM.dll
0x00007ffb539f0000 - 0x00007ffb539fb000 	C:\WINDOWS\SYSTEM32\VERSION.dll
0x00007ffb54f30000 - 0x00007ffb54f44000 	C:\WINDOWS\SYSTEM32\UMPDC.dll
0x00007ffb53e90000 - 0x00007ffb53eab000 	C:\WINDOWS\SYSTEM32\kernel.appcore.dll
0x00007ffb283e0000 - 0x00007ffb283ea000 	c:\Users\PC\.cursor\extensions\redhat.java-1.47.0-win32-x64\jre\21.0.8-win32-x86_64\bin\jimage.dll
0x00007ffb525e0000 - 0x00007ffb52822000 	C:\WINDOWS\SYSTEM32\DBGHELP.DLL
0x00007ffb56ad0000 - 0x00007ffb56e5b000 	C:\WINDOWS\System32\combase.dll
0x00007ffb568f0000 - 0x00007ffb569c7000 	C:\WINDOWS\System32\OLEAUT32.dll
0x00007ffb3ad10000 - 0x00007ffb3ad4c000 	C:\WINDOWS\SYSTEM32\dbgcore.DLL
0x00007ffb55690000 - 0x00007ffb55735000 	C:\WINDOWS\System32\bcryptPrimitives.dll
0x00007ffb281c0000 - 0x00007ffb281cf000 	c:\Users\PC\.cursor\extensions\redhat.java-1.47.0-win32-x64\jre\21.0.8-win32-x86_64\bin\instrument.dll
0x00007ffb0c930000 - 0x00007ffb0c94f000 	c:\Users\PC\.cursor\extensions\redhat.java-1.47.0-win32-x64\jre\21.0.8-win32-x86_64\bin\java.dll
0x00007ffb570b0000 - 0x00007ffb57801000 	C:\WINDOWS\System32\SHELL32.dll
0x00007ffb55740000 - 0x00007ffb558ab000 	C:\WINDOWS\System32\wintypes.dll
0x00007ffb52a20000 - 0x00007ffb5327d000 	C:\WINDOWS\SYSTEM32\windows.storage.dll
0x00007ffb569d0000 - 0x00007ffb56ac2000 	C:\WINDOWS\System32\SHCORE.dll
0x00007ffb560c0000 - 0x00007ffb56127000 	C:\WINDOWS\System32\shlwapi.dll
0x00007ffb54ff0000 - 0x00007ffb55019000 	C:\WINDOWS\SYSTEM32\profapi.dll
0x00007ffb4ea80000 - 0x00007ffb4ea98000 	c:\Users\PC\.cursor\extensions\redhat.java-1.47.0-win32-x64\jre\21.0.8-win32-x86_64\bin\zip.dll
0x00007ffb4cfb0000 - 0x00007ffb4cfc0000 	C:\Users\PC\.cursor\extensions\redhat.java-1.47.0-win32-x64\jre\21.0.8-win32-x86_64\bin\net.dll
0x00007ffb4e860000 - 0x00007ffb4e988000 	C:\WINDOWS\SYSTEM32\WINHTTP.dll
0x00007ffb54400000 - 0x00007ffb5446b000 	C:\WINDOWS\system32\mswsock.dll
0x00007ffb4cf50000 - 0x00007ffb4cf66000 	C:\Users\PC\.cursor\extensions\redhat.java-1.47.0-win32-x64\jre\21.0.8-win32-x86_64\bin\nio.dll
0x00007ffb47420000 - 0x00007ffb47430000 	c:\Users\PC\.cursor\extensions\redhat.java-1.47.0-win32-x64\jre\21.0.8-win32-x86_64\bin\verify.dll
0x00007ffb285e0000 - 0x00007ffb28624000 	C:\Users\PC\AppData\Roaming\Cursor\User\globalStorage\redhat.java\1.47.0\config_win\org.eclipse.equinox.launcher\org.eclipse.equinox.launcher.win32.win32.x86_64_1.2.1400.v20250801-0854\eclipse_11916.dll
0x00007ffb57a70000 - 0x00007ffb57c07000 	C:\WINDOWS\System32\ole32.dll
0x00007ffb546c0000 - 0x00007ffb546db000 	C:\WINDOWS\SYSTEM32\CRYPTSP.dll
0x00007ffb53df0000 - 0x00007ffb53e2a000 	C:\WINDOWS\system32\rsaenh.dll
0x00007ffb544b0000 - 0x00007ffb544db000 	C:\WINDOWS\SYSTEM32\USERENV.dll
0x00007ffb54fc0000 - 0x00007ffb54fea000 	C:\WINDOWS\SYSTEM32\bcrypt.dll
0x00007ffb546e0000 - 0x00007ffb546ec000 	C:\WINDOWS\SYSTEM32\CRYPTBASE.dll
0x00007ffb535e0000 - 0x00007ffb53614000 	C:\WINDOWS\SYSTEM32\IPHLPAPI.DLL
0x00007ffb57cd0000 - 0x00007ffb57cda000 	C:\WINDOWS\System32\NSI.dll
0x00007ffb22810000 - 0x00007ffb22859000 	C:\Users\PC\AppData\Local\Temp\jna-2547\jna13931570285657921488.dll
0x00007ffb57f30000 - 0x00007ffb57f38000 	C:\WINDOWS\System32\PSAPI.DLL
0x00007ffb4ea40000 - 0x00007ffb4ea5e000 	C:\WINDOWS\SYSTEM32\dhcpcsvc6.DLL
0x00007ffb4e990000 - 0x00007ffb4e9b3000 	C:\WINDOWS\SYSTEM32\dhcpcsvc.DLL

JVMTI agents:
c:\Users\PC\.cursor\extensions\redhat.java-1.47.0-win32-x64\lombok\lombok-1.18.39-4050.jar path:c:\Users\PC\.cursor\extensions\redhat.java-1.47.0-win32-x64\jre\21.0.8-win32-x86_64\bin\instrument.dll, loaded, initialized, instrumentlib options:none

dbghelp: loaded successfully - version: 4.0.5 - missing functions: none
symbol engine: initialized successfully - sym options: 0x614 - pdb path: .;c:\Users\PC\.cursor\extensions\redhat.java-1.47.0-win32-x64\jre\21.0.8-win32-x86_64\bin;C:\WINDOWS\SYSTEM32;C:\WINDOWS\WinSxS\amd64_microsoft.windows.common-controls_6595b64144ccf1df_6.0.26100.7019_none_3e06ffa0e335b8a8;c:\Users\PC\.cursor\extensions\redhat.java-1.47.0-win32-x64\jre\21.0.8-win32-x86_64\bin\server;C:\Users\PC\AppData\Roaming\Cursor\User\globalStorage\redhat.java\1.47.0\config_win\org.eclipse.equinox.launcher\org.eclipse.equinox.launcher.win32.win32.x86_64_1.2.1400.v20250801-0854;C:\Users\PC\AppData\Local\Temp\jna-2547

VM Arguments:
jvm_args: --add-modules=ALL-SYSTEM --add-opens=java.base/java.util=ALL-UNNAMED --add-opens=java.base/java.lang=ALL-UNNAMED --add-opens=java.base/sun.nio.fs=ALL-UNNAMED -Declipse.application=org.eclipse.jdt.ls.core.id1 -Dosgi.bundles.defaultStartLevel=4 -Declipse.product=org.eclipse.jdt.ls.core.product -Djava.import.generatesMetadataFilesAtProjectRoot=false -DDetectVMInstallationsJob.disabled=true -Dfile.encoding=utf8 -XX:+UseParallelGC -XX:GCTimeRatio=4 -XX:AdaptiveSizePolicyWeight=90 -Dsun.zip.disableMemoryMapping=true -Xmx2G -Xms100m -Xlog:disable -javaagent:c:\Users\PC\.cursor\extensions\redhat.java-1.47.0-win32-x64\lombok\lombok-1.18.39-4050.jar -XX:+HeapDumpOnOutOfMemoryError -XX:HeapDumpPath=c:\Users\PC\AppData\Roaming\Cursor\User\workspaceStorage\307b0579e4dc1b7b1261995025256fbf\redhat.java -Daether.dependencyCollector.impl=bf 
java_command: c:\Users\PC\.cursor\extensions\redhat.java-1.47.0-win32-x64\server\plugins\org.eclipse.equinox.launcher_1.7.100.v20251014-1222.jar -configuration c:\Users\PC\AppData\Roaming\Cursor\User\globalStorage\redhat.java\1.47.0\config_win -data c:\Users\PC\AppData\Roaming\Cursor\User\workspaceStorage\307b0579e4dc1b7b1261995025256fbf\redhat.java\jdt_ws --pipe=\\.\pipe\lsp-d7180ab9aab339e4ff945ff3196189bc-sock
java_class_path (initial): c:\Users\PC\.cursor\extensions\redhat.java-1.47.0-win32-x64\server\plugins\org.eclipse.equinox.launcher_1.7.100.v20251014-1222.jar
Launcher Type: SUN_STANDARD

[Global flags]
    uintx AdaptiveSizePolicyWeight                 = 90                                        {product} {command line}
     intx CICompilerCount                          = 4                                         {product} {ergonomic}
    uintx GCTimeRatio                              = 4                                         {product} {command line}
     bool HeapDumpOnOutOfMemoryError               = true                                   {manageable} {command line}
    ccstr HeapDumpPath                             = c:\Users\PC\AppData\Roaming\Cursor\User\workspaceStorage\307b0579e4dc1b7b1261995025256fbf\redhat.java         {manageable} {command line}
   size_t InitialHeapSize                          = 104857600                                 {product} {command line}
   size_t MaxHeapSize                              = 2147483648                                {product} {command line}
   size_t MaxNewSize                               = 715653120                                 {product} {ergonomic}
   size_t MinHeapDeltaBytes                        = 524288                                    {product} {ergonomic}
   size_t MinHeapSize                              = 104857600                                 {product} {command line}
   size_t NewSize                                  = 34603008                                  {product} {ergonomic}
    uintx NonNMethodCodeHeapSize                   = 5839372                                {pd product} {ergonomic}
    uintx NonProfiledCodeHeapSize                  = 122909434                              {pd product} {ergonomic}
   size_t OldSize                                  = 70254592                                  {product} {ergonomic}
    uintx ProfiledCodeHeapSize                     = 122909434                              {pd product} {ergonomic}
    uintx ReservedCodeCacheSize                    = 251658240                              {pd product} {ergonomic}
     bool SegmentedCodeCache                       = true                                      {product} {ergonomic}
   size_t SoftMaxHeapSize                          = 2147483648                             {manageable} {ergonomic}
     bool UseCompressedOops                        = true                           {product lp64_product} {ergonomic}
     bool UseLargePagesIndividualAllocation        = false                                  {pd product} {ergonomic}
     bool UseParallelGC                            = true                                      {product} {command line}

Logging:
Log output configuration:
 #0: stdout all=off uptime,level,tags foldmultilines=false
 #1: stderr all=off uptime,level,tags foldmultilines=false

Environment Variables:
PATH=C:\Program Files\Microsoft MPI\Bin\;C:\Program Files (x86)\VMware\VMware Workstation\bin\;C:\Program Files\Common Files\Oracle\Java\javapath;C:\Windows\system32;C:\Windows;C:\Windows\System32\Wbem;C:\Windows\System32\WindowsPowerShell\v1.0\;C:\Windows\System32\OpenSSH\;C:\Program Files (x86)\NVIDIA Corporation\PhysX\Common;C:\Program Files\NVIDIA Corporation\NVIDIA NvDLISR;C:\Program Files (x86)\Wolfram Research\WolframScript\;C:\WINDOWS\system32;C:\WINDOWS;C:\WINDOWS\System32\Wbem;C:\WINDOWS\System32\WindowsPowerShell\v1.0\;C:\WINDOWS\System32\OpenSSH\;C:\Program Files\Git\cmd;C:\Program Files (x86)\Microsoft SQL Server\160\Tools\Binn\;C:\Program Files\Microsoft SQL Server\160\Tools\Binn\;C:\Program Files\Microsoft SQL Server\Client SDK\ODBC\170\Tools\Binn\;C:\Program Files\Microsoft SQL Server\160\DTS\Binn\;C:\Program Files\Azure Data Studio\bin;C:\Program Files\Microsoft SQL Server\150\Tools\Binn\;C:\Program Files (x86)\Microsoft SQL Server\160\DTS\Binn\;C:\Program Files\dotnet\;C:\ProgramData\chocolatey\bin;C:\ProgramData\chocolatey\lib\maven\apache-maven-3.9.9\bin;C:\Program Files\PuTTY\;%NVM_HOME%;%NVM_SYMLINK%;C:\Program Files\Docker\Docker\resources\bin;C:\Program Files\Cloudflare\Cloudflare WARP\;D:\cursor\resources\app\bin;C:\Users\PC\AppData\Local\Programs\Python\Python313\Scripts\;C:\Users\PC\AppData\Local\Programs\Python\Python313\;C:\Users\PC\AppData\Local\Programs\Python\Launcher\;C:\Program Files\Java\jdk-20\bin;C:\msys64\mingw64\bin;C:\Users\PC\AppData\Local\Programs\Microsoft VS Code\bin;C:\Program Files\Azure Data Studio\bin;C:\Program Files\JetBrains\IntelliJ IDEA Community Edition 2023.3.2\bin;;C:\Users\PC\AppData\Local\Programs\Python\Python312\Scripts;C:\Program Files (x86)\MongoDB Atlas CLI\;C:\Users\PC\.dotnet\tools;C:\Users\PC\AppData\Local\Microsoft\WindowsApps;C:\Users\PC\AppData\Roaming\npm;C:\Users\PC\AppData\Local\nvm;C:\nvm4w\nodejs;
USERNAME=PC
OS=Windows_NT
PROCESSOR_IDENTIFIER=AMD64 Family 25 Model 68 Stepping 1, AuthenticAMD
TMP=C:\Users\PC\AppData\Local\Temp
TEMP=C:\Users\PC\AppData\Local\Temp




Periodic native trim disabled

---------------  S Y S T E M  ---------------

OS:
 Windows 11 , 64 bit Build 26100 (10.0.26100.7019)
OS uptime: 1 days 5:06 hours
Hyper-V role detected

CPU: total 12 (initial active 12) (12 cores per cpu, 2 threads per core) family 25 model 68 stepping 1 microcode 0xa40410a, cx8, cmov, fxsr, ht, mmx, 3dnowpref, sse, sse2, sse3, ssse3, sse4a, sse4.1, sse4.2, popcnt, lzcnt, tsc, tscinvbit, avx, avx2, aes, erms, clmul, bmi1, bmi2, adx, sha, fma, vzeroupper, clflush, clflushopt, hv, rdtscp, rdpid, fsrm, f16c, cet_ss
Processor Information for processor 0
  Max Mhz: 3301, Current Mhz: 2640, Mhz Limit: 3301
Processor Information for processor 1
  Max Mhz: 3301, Current Mhz: 3301, Mhz Limit: 3301
Processor Information for processor 2
  Max Mhz: 3301, Current Mhz: 3301, Mhz Limit: 3301
Processor Information for processor 3
  Max Mhz: 3301, Current Mhz: 3301, Mhz Limit: 3301
Processor Information for processor 4
  Max Mhz: 3301, Current Mhz: 3301, Mhz Limit: 3301
Processor Information for processor 5
  Max Mhz: 3301, Current Mhz: 2640, Mhz Limit: 3301
Processor Information for processor 6
  Max Mhz: 3301, Current Mhz: 3301, Mhz Limit: 3301
Processor Information for processor 7
  Max Mhz: 3301, Current Mhz: 3301, Mhz Limit: 3301
Processor Information for processor 8
  Max Mhz: 3301, Current Mhz: 2640, Mhz Limit: 3301
Processor Information for processor 9
  Max Mhz: 3301, Current Mhz: 3301, Mhz Limit: 3301
Processor Information for processor 10
  Max Mhz: 3301, Current Mhz: 3301, Mhz Limit: 3301
Processor Information for processor 11
  Max Mhz: 3301, Current Mhz: 3301, Mhz Limit: 3301

Memory: 4k page, system-wide physical 14020M (836M free)
TotalPageFile size 40494M (AvailPageFile size 109M)
current process WorkingSet (physical memory assigned to process): 9M, peak: 582M
current process commit charge ("private bytes"): 561M, peak: 656M

vm_info: OpenJDK 64-Bit Server VM (21.0.8+9-LTS) for windows-amd64 JRE (21.0.8+9-LTS), built on 2025-07-15T00:00:00Z by "admin" with MS VC++ 17.7 (VS2022)

END.
